<?xml version="1.0" encoding="UTF-8"?>
<testng-results ignored="0" total="1" passed="1" failed="0" skipped="0">
  <reporter-output>
  </reporter-output>
  <suite started-at="2022-02-16T03:12:33 IST" name="Default suite" finished-at="2022-02-16T03:13:31 IST" duration-ms="58290">
    <groups>
    </groups>
    <test started-at="2022-02-16T03:12:33 IST" name="Default test" finished-at="2022-02-16T03:13:31 IST" duration-ms="58290">
      <class name="TestRunner.InvokeBrowser">
        <test-method is-config="true" signature="config()[pri:0, instance:TestRunner.InvokeBrowser@6da21078]" started-at="2022-02-16T03:12:33 IST" name="config" finished-at="2022-02-16T03:12:34 IST" duration-ms="595" status="PASS">
          <reporter-output>
          </reporter-output>
        </test-method> <!-- config -->
        <test-method is-config="true" signature="beforeMethod()[pri:0, instance:TestRunner.InvokeBrowser@6da21078]" started-at="2022-02-16T03:12:34 IST" name="beforeMethod" finished-at="2022-02-16T03:12:57 IST" duration-ms="22937" status="PASS">
          <reporter-output>
          </reporter-output>
        </test-method> <!-- beforeMethod -->
        <test-method signature="deleteCandidate()[pri:0, instance:TestRunner.InvokeBrowser@6da21078]" started-at="2022-02-16T03:12:57 IST" name="deleteCandidate" finished-at="2022-02-16T03:13:31 IST" duration-ms="34668" status="PASS">
          <reporter-output>
          </reporter-output>
        </test-method> <!-- deleteCandidate -->
        <test-method is-config="true" signature="afterMethod()[pri:0, instance:TestRunner.InvokeBrowser@6da21078]" started-at="2022-02-16T03:13:31 IST" name="afterMethod" finished-at="2022-02-16T03:13:31 IST" duration-ms="1" status="PASS">
          <reporter-output>
          </reporter-output>
        </test-method> <!-- afterMethod -->
      </class> <!-- TestRunner.InvokeBrowser -->
    </test> <!-- Default test -->
  </suite> <!-- Default suite -->
</testng-results>
